<?xml version="1.0" encoding="UTF-8"?>
<robot generator="Robot 7.4.2 (Python 3.10.11 on win32)" generated="2026-04-29T22:32:36.437038" rpa="false" schemaversion="5">
<suite id="s1" name="Assignment 02" source="C:\Work\Assignment02\Assignment_02">
<suite id="s1-s1" name="Testcases" source="C:\Work\Assignment02\Assignment_02\testcases">
<suite id="s1-s1-s1" name="SDT01 TS004 TC001" source="C:\Work\Assignment02\Assignment_02\testcases\SDT01_TS004_TC001.robot">
<test id="s1-s1-s1-t1" name="SDT01_TS004_TC001 - ทดสอบการ Login ด้วยบัญชีที่ถูกล็อคไว้ให้ระบบแจ้งเตือนว่า 'Epic sadface: Sorry, this user has been locked out.'" line="6">
<kw name="Open browser and maximize browser window" owner="common_web">
<kw name="Evaluate" owner="BuiltIn">
<msg time="2026-04-29T22:32:36.653460" level="INFO">${options} = &lt;selenium.webdriver.chrome.options.Options object at 0x000001883CB7F040&gt;</msg>
<var>${options}</var>
<arg>sys.modules['selenium.webdriver'].ChromeOptions()</arg>
<arg>sys, selenium.webdriver</arg>
<doc>Evaluates the given expression in Python and returns the result.</doc>
<status status="PASS" start="2026-04-29T22:32:36.649605" elapsed="0.003855"/>
</kw>
<kw name="Call Method" owner="BuiltIn">
<arg>${options}</arg>
<arg>add_argument</arg>
<arg>--incognito</arg>
<doc>Calls the named method of the given object with the provided arguments.</doc>
<status status="PASS" start="2026-04-29T22:32:36.653460" elapsed="0.000000"/>
</kw>
<kw name="Open Browser" owner="SeleniumLibrary">
<msg time="2026-04-29T22:32:36.654487" level="INFO">Opening browser 'chrome' to base url 'https://www.saucedemo.com/'.</msg>
<arg>url=${url}</arg>
<arg>browser=${browser}</arg>
<arg>options=${options}</arg>
<doc>Opens a new browser instance to the optional ``url``.</doc>
<status status="PASS" start="2026-04-29T22:32:36.654487" elapsed="2.388786"/>
</kw>
<kw name="Maximize Browser Window" owner="SeleniumLibrary">
<doc>Maximizes current browser window.</doc>
<status status="PASS" start="2026-04-29T22:32:39.043777" elapsed="0.024503"/>
</kw>
<arg>url=${url['test_web']}</arg>
<doc>เปิดเบราว์เซอร์ในโหมดไม่ระบุตัวตน พร้อมขยายหน้าต่างให้เต็มจอ</doc>
<status status="PASS" start="2026-04-29T22:32:36.648523" elapsed="2.419757"/>
</kw>
<kw name="Login to sawg labs with username and password" owner="login_feature">
<kw name="Input username" owner="login_page">
<kw name="Input text to element when ready" owner="common_web">
<kw name="Wait Until Element Is Visible" owner="SeleniumLibrary">
<arg>locator=${locator}</arg>
<doc>Waits until the element ``locator`` is visible.</doc>
<status status="PASS" start="2026-04-29T22:32:39.071934" elapsed="0.020816"/>
</kw>
<kw name="Input Text" owner="SeleniumLibrary">
<msg time="2026-04-29T22:32:39.093750" level="INFO">Typing text 'locked_out_user' into text field 'id=user-name'.</msg>
<arg>${locator}</arg>
<arg>${text}</arg>
<doc>Types the given ``text`` into the text field identified by ``locator``.</doc>
<status status="PASS" start="2026-04-29T22:32:39.093750" elapsed="0.089452"/>
</kw>
<arg>locator=${login_locator['txt_username']}</arg>
<arg>text=${username}</arg>
<doc>รอจนกว่า element จะพร้อมใช้งาน
จากนั้นเพิ่มข้อความลงตาม locator ที่กำหนด</doc>
<status status="PASS" start="2026-04-29T22:32:39.070918" elapsed="0.112284"/>
</kw>
<arg>username=${usrname}</arg>
<doc>ใช้สำหรับกรอกชื่อ username</doc>
<status status="PASS" start="2026-04-29T22:32:39.070918" elapsed="0.112284"/>
</kw>
<kw name="Input password" owner="login_page">
<kw name="Input text to element when ready" owner="common_web">
<kw name="Wait Until Element Is Visible" owner="SeleniumLibrary">
<arg>locator=${locator}</arg>
<doc>Waits until the element ``locator`` is visible.</doc>
<status status="PASS" start="2026-04-29T22:32:39.185382" elapsed="0.013509"/>
</kw>
<kw name="Input Text" owner="SeleniumLibrary">
<msg time="2026-04-29T22:32:39.199893" level="INFO">Typing text 'secret_sauce' into text field 'id=password'.</msg>
<arg>${locator}</arg>
<arg>${text}</arg>
<doc>Types the given ``text`` into the text field identified by ``locator``.</doc>
<status status="PASS" start="2026-04-29T22:32:39.199893" elapsed="0.263354"/>
</kw>
<arg>locator=${login_locator['txt_password']}</arg>
<arg>text=${password}</arg>
<doc>รอจนกว่า element จะพร้อมใช้งาน
จากนั้นเพิ่มข้อความลงตาม locator ที่กำหนด</doc>
<status status="PASS" start="2026-04-29T22:32:39.184382" elapsed="0.278865"/>
</kw>
<arg>password=${password}</arg>
<doc>ใช้สำหรับกรอกรหัสผ่าน</doc>
<status status="PASS" start="2026-04-29T22:32:39.184382" elapsed="0.278865"/>
</kw>
<kw name="Click login button" owner="login_page">
<kw name="Wait and click element when ready" owner="common_web">
<kw name="Wait Until Element Is Enabled" owner="SeleniumLibrary">
<arg>locator=${locator}</arg>
<doc>Waits until the element ``locator`` is enabled.</doc>
<status status="PASS" start="2026-04-29T22:32:39.465258" elapsed="0.017160"/>
</kw>
<kw name="Click Element" owner="SeleniumLibrary">
<msg time="2026-04-29T22:32:39.483415" level="INFO">Clicking element 'id=login-button'.</msg>
<arg>locator=${locator}</arg>
<doc>Click the element identified by ``locator``.</doc>
<status status="PASS" start="2026-04-29T22:32:39.482418" elapsed="0.054192"/>
</kw>
<arg>locator=${login_locator['btn_login']}</arg>
<doc>กดปุ่มที่กำหนดเมื่อปุ่มพร้อมใช้งาน</doc>
<status status="PASS" start="2026-04-29T22:32:39.464257" elapsed="0.072353"/>
</kw>
<doc>ใช้สำหรับคลิกปุ่ม Login ในหน้า Login ของเว็บไซต์</doc>
<status status="PASS" start="2026-04-29T22:32:39.464257" elapsed="0.072353"/>
</kw>
<arg>usrname=${user_info['user_name']['locked']}</arg>
<arg>password=${user_info['password']}</arg>
<doc>เข้าระบบสู้หน้าเว็บไซต์ด้วย username และ password และกดปุ่ม Login</doc>
<status status="PASS" start="2026-04-29T22:32:39.069710" elapsed="0.466900"/>
</kw>
<kw name="Page Should Contain Element" owner="SeleniumLibrary">
<msg time="2026-04-29T22:32:39.546944" level="INFO">Current page contains element 'xpath=//h3[@data-test='error']'.</msg>
<arg>locator=${login_locator['txt_error_login']}</arg>
<doc>Verifies that element ``locator`` is found on the current page.</doc>
<status status="PASS" start="2026-04-29T22:32:39.537610" elapsed="0.009334"/>
</kw>
<kw name="Close Browser" owner="SeleniumLibrary" type="TEARDOWN">
<doc>Closes the current browser.</doc>
<status status="PASS" start="2026-04-29T22:32:39.546944" elapsed="2.106100"/>
</kw>
<doc>1. เข้าเว็บไซต์ saucedemo
2. กรอก username
3. กรอก password
4. กดปุ่ม Login</doc>
<tag>function_id:WEB_SDT_01</tag>
<tag>function_name:ทดสอบการ login ด้วย user ที่ไม่ถูกต้อง</tag>
<tag>test_id:SDT01_TS004_TC001</tag>
<tag>test_scenario:TS_004</tag>
<status status="PASS" start="2026-04-29T22:32:36.646515" elapsed="5.006529"/>
</test>
<status status="PASS" start="2026-04-29T22:32:36.464524" elapsed="5.189553"/>
</suite>
<status status="PASS" start="2026-04-29T22:32:36.462524" elapsed="5.192693"/>
</suite>
<status status="PASS" start="2026-04-29T22:32:36.438547" elapsed="5.217673"/>
</suite>
<statistics>
<total>
<stat pass="1" fail="0" skip="0">All Tests</stat>
</total>
<tag>
<stat pass="1" fail="0" skip="0">function_id:WEB_SDT_01</stat>
<stat pass="1" fail="0" skip="0">function_name:ทดสอบการ login ด้วย user ที่ไม่ถูกต้อง</stat>
<stat pass="1" fail="0" skip="0">test_id:SDT01_TS004_TC001</stat>
<stat pass="1" fail="0" skip="0">test_scenario:TS_004</stat>
</tag>
<suite>
<stat name="Assignment 02" id="s1" pass="1" fail="0" skip="0">Assignment 02</stat>
<stat name="Testcases" id="s1-s1" pass="1" fail="0" skip="0">Assignment 02.Testcases</stat>
<stat name="SDT01 TS004 TC001" id="s1-s1-s1" pass="1" fail="0" skip="0">Assignment 02.Testcases.SDT01 TS004 TC001</stat>
</suite>
</statistics>
<errors>
</errors>
</robot>
