<?xml version="1.0" encoding="UTF-8"?>
<robot generator="Robot 7.4.2 (Python 3.10.11 on win32)" generated="2026-04-29T22:18:15.618894" rpa="false" schemaversion="5">
<suite id="s1" name="Assignment 02" source="C:\Work\Assignment02\Assignment_02">
<suite id="s1-s1" name="Testcases" source="C:\Work\Assignment02\Assignment_02\testcases">
<suite id="s1-s1-s1" name="SDT01 TS003 TC001" source="C:\Work\Assignment02\Assignment_02\testcases\SDT01_TS003_TC001.robot">
<test id="s1-s1-s1-t1" name="SDT01_TS003_TC001 - ทดสอบการทำงานของปุ่ม Logout เมื่อกดแล้วผลลัพธ์ที่ต้องกลับไปหน้า Login" line="6">
<kw name="Open browser and maximize browser window" owner="common_web">
<kw name="Evaluate" owner="BuiltIn">
<msg time="2026-04-29T22:18:15.824781" level="INFO">${options} = &lt;selenium.webdriver.chrome.options.Options object at 0x000002C04E10F250&gt;</msg>
<var>${options}</var>
<arg>sys.modules['selenium.webdriver'].ChromeOptions()</arg>
<arg>sys, selenium.webdriver</arg>
<doc>Evaluates the given expression in Python and returns the result.</doc>
<status status="PASS" start="2026-04-29T22:18:15.823264" elapsed="0.001517"/>
</kw>
<kw name="Call Method" owner="BuiltIn">
<arg>${options}</arg>
<arg>add_argument</arg>
<arg>--incognito</arg>
<doc>Calls the named method of the given object with the provided arguments.</doc>
<status status="PASS" start="2026-04-29T22:18:15.824781" elapsed="0.001006"/>
</kw>
<kw name="Open Browser" owner="SeleniumLibrary">
<msg time="2026-04-29T22:18:15.825787" level="INFO">Opening browser 'chrome' to base url 'https://www.saucedemo.com/'.</msg>
<arg>url=${url}</arg>
<arg>browser=${browser}</arg>
<arg>options=${options}</arg>
<doc>Opens a new browser instance to the optional ``url``.</doc>
<status status="PASS" start="2026-04-29T22:18:15.825787" elapsed="1.594238"/>
</kw>
<kw name="Maximize Browser Window" owner="SeleniumLibrary">
<doc>Maximizes current browser window.</doc>
<status status="PASS" start="2026-04-29T22:18:17.420025" elapsed="0.031540"/>
</kw>
<arg>url=${url['test_web']}</arg>
<doc>เปิดเบราว์เซอร์ในโหมดไม่ระบุตัวตน พร้อมขยายหน้าต่างให้เต็มจอ</doc>
<status status="PASS" start="2026-04-29T22:18:15.821746" elapsed="1.630833"/>
</kw>
<kw name="Login to sawg labs with username and password" owner="login_feature">
<kw name="Input username" owner="login_page">
<kw name="Input text to element when ready" owner="common_web">
<kw name="Wait Until Element Is Visible" owner="SeleniumLibrary">
<arg>locator=${locator}</arg>
<doc>Waits until the element ``locator`` is visible.</doc>
<status status="PASS" start="2026-04-29T22:18:17.455580" elapsed="0.019429"/>
</kw>
<kw name="Input Text" owner="SeleniumLibrary">
<msg time="2026-04-29T22:18:17.476195" level="INFO">Typing text 'standard_user' into text field 'id=user-name'.</msg>
<arg>${locator}</arg>
<arg>${text}</arg>
<doc>Types the given ``text`` into the text field identified by ``locator``.</doc>
<status status="PASS" start="2026-04-29T22:18:17.476195" elapsed="0.106390"/>
</kw>
<arg>locator=${login_locator['txt_username']}</arg>
<arg>text=${username}</arg>
<doc>รอจนกว่า element จะพร้อมใช้งาน
จากนั้นเพิ่มข้อความลงตาม locator ที่กำหนด</doc>
<status status="PASS" start="2026-04-29T22:18:17.454582" elapsed="0.128003"/>
</kw>
<arg>username=${usrname}</arg>
<doc>ใช้สำหรับกรอกชื่อ username</doc>
<status status="PASS" start="2026-04-29T22:18:17.454582" elapsed="0.128003"/>
</kw>
<kw name="Input password" owner="login_page">
<kw name="Input text to element when ready" owner="common_web">
<kw name="Wait Until Element Is Visible" owner="SeleniumLibrary">
<arg>locator=${locator}</arg>
<doc>Waits until the element ``locator`` is visible.</doc>
<status status="PASS" start="2026-04-29T22:18:17.584866" elapsed="0.037604"/>
</kw>
<kw name="Input Text" owner="SeleniumLibrary">
<msg time="2026-04-29T22:18:17.622470" level="INFO">Typing text 'secret_sauce' into text field 'id=password'.</msg>
<arg>${locator}</arg>
<arg>${text}</arg>
<doc>Types the given ``text`` into the text field identified by ``locator``.</doc>
<status status="PASS" start="2026-04-29T22:18:17.622470" elapsed="0.081476"/>
</kw>
<arg>locator=${login_locator['txt_password']}</arg>
<arg>text=${password}</arg>
<doc>รอจนกว่า element จะพร้อมใช้งาน
จากนั้นเพิ่มข้อความลงตาม locator ที่กำหนด</doc>
<status status="PASS" start="2026-04-29T22:18:17.583866" elapsed="0.120080"/>
</kw>
<arg>password=${password}</arg>
<doc>ใช้สำหรับกรอกรหัสผ่าน</doc>
<status status="PASS" start="2026-04-29T22:18:17.583866" elapsed="0.120080"/>
</kw>
<kw name="Click login button" owner="login_page">
<kw name="Wait and click element when ready" owner="common_web">
<kw name="Wait Until Element Is Enabled" owner="SeleniumLibrary">
<arg>locator=${locator}</arg>
<doc>Waits until the element ``locator`` is enabled.</doc>
<status status="PASS" start="2026-04-29T22:18:17.706433" elapsed="0.024023"/>
</kw>
<kw name="Click Element" owner="SeleniumLibrary">
<msg time="2026-04-29T22:18:17.731561" level="INFO">Clicking element 'id=login-button'.</msg>
<arg>locator=${locator}</arg>
<doc>Click the element identified by ``locator``.</doc>
<status status="PASS" start="2026-04-29T22:18:17.730456" elapsed="0.102781"/>
</kw>
<arg>locator=${login_locator['btn_login']}</arg>
<doc>กดปุ่มที่กำหนดเมื่อปุ่มพร้อมใช้งาน</doc>
<status status="PASS" start="2026-04-29T22:18:17.704946" elapsed="0.128291"/>
</kw>
<doc>ใช้สำหรับคลิกปุ่ม Login ในหน้า Login ของเว็บไซต์</doc>
<status status="PASS" start="2026-04-29T22:18:17.703946" elapsed="0.129291"/>
</kw>
<arg>usrname=${user_info['user_name']['standard']}</arg>
<arg>password=${user_info['password']}</arg>
<doc>เข้าระบบสู้หน้าเว็บไซต์ด้วย username และ password และกดปุ่ม Login</doc>
<status status="PASS" start="2026-04-29T22:18:17.452579" elapsed="0.380658"/>
</kw>
<kw name="Click open menu" owner="product_page">
<kw name="Wait and click element when ready" owner="common_web">
<kw name="Wait Until Element Is Enabled" owner="SeleniumLibrary">
<arg>locator=${locator}</arg>
<doc>Waits until the element ``locator`` is enabled.</doc>
<status status="PASS" start="2026-04-29T22:18:17.836393" elapsed="0.020760"/>
</kw>
<kw name="Click Element" owner="SeleniumLibrary">
<msg time="2026-04-29T22:18:17.857153" level="INFO">Clicking element 'id=react-burger-menu-btn'.</msg>
<arg>locator=${locator}</arg>
<doc>Click the element identified by ``locator``.</doc>
<status status="PASS" start="2026-04-29T22:18:17.857153" elapsed="0.054628"/>
</kw>
<arg>locator=${product_locator['btn_menu']}</arg>
<doc>กดปุ่มที่กำหนดเมื่อปุ่มพร้อมใช้งาน</doc>
<status status="PASS" start="2026-04-29T22:18:17.835059" elapsed="0.076722"/>
</kw>
<doc>กดปุ่มเมนูเพื่อเปิดหน้าตัวเลือก
โดยจะมี 4 ตัวเลือกคือ All Items, About, Logout, Reset App State</doc>
<status status="PASS" start="2026-04-29T22:18:17.833237" elapsed="0.079542"/>
</kw>
<kw name="Click logout in menu" owner="product_page">
<kw name="Wait Until Element Is Visible" owner="SeleniumLibrary">
<arg>locator=${product_locator['txt_logout']}</arg>
<doc>Waits until the element ``locator`` is visible.</doc>
<status status="PASS" start="2026-04-29T22:18:17.912779" elapsed="0.228171"/>
</kw>
<kw name="Wait and click element when ready" owner="common_web">
<kw name="Wait Until Element Is Enabled" owner="SeleniumLibrary">
<arg>locator=${locator}</arg>
<doc>Waits until the element ``locator`` is enabled.</doc>
<status status="PASS" start="2026-04-29T22:18:18.141953" elapsed="0.011510"/>
</kw>
<kw name="Click Element" owner="SeleniumLibrary">
<msg time="2026-04-29T22:18:18.153463" level="INFO">Clicking element 'id=logout_sidebar_link'.</msg>
<arg>locator=${locator}</arg>
<doc>Click the element identified by ``locator``.</doc>
<status status="PASS" start="2026-04-29T22:18:18.153463" elapsed="0.058052"/>
</kw>
<arg>locator=${product_locator['txt_logout']}</arg>
<doc>กดปุ่มที่กำหนดเมื่อปุ่มพร้อมใช้งาน</doc>
<status status="PASS" start="2026-04-29T22:18:18.140950" elapsed="0.071565"/>
</kw>
<doc>กดปุ่ม Logout ในแท็บเมนูเพื่อออกจากระบบ</doc>
<status status="PASS" start="2026-04-29T22:18:17.912779" elapsed="0.299736"/>
</kw>
<kw name="Close Browser" owner="SeleniumLibrary" type="TEARDOWN">
<doc>Closes the current browser.</doc>
<status status="PASS" start="2026-04-29T22:18:18.212515" elapsed="2.180701"/>
</kw>
<doc>1. เข้าเว็บไซต์ saucedemo
2. กรอก username
3. กรอก password
4. กดปุ่ม Login
5. กดปุ่มแท็บเมนู
6. กดปุ่ม Logout</doc>
<tag>function_id:WEB_SDT_01</tag>
<tag>function_name:ทดสอบการ login และ logout</tag>
<tag>test_id:SDT01_TS003_TC001</tag>
<tag>test_scenario:TS_003</tag>
<status status="PASS" start="2026-04-29T22:18:15.820740" elapsed="4.573484"/>
</test>
<status status="PASS" start="2026-04-29T22:18:15.645434" elapsed="4.748790"/>
</suite>
<status status="PASS" start="2026-04-29T22:18:15.644446" elapsed="4.751043"/>
</suite>
<status status="PASS" start="2026-04-29T22:18:15.620894" elapsed="4.775941"/>
</suite>
<statistics>
<total>
<stat pass="1" fail="0" skip="0">All Tests</stat>
</total>
<tag>
<stat pass="1" fail="0" skip="0">function_id:WEB_SDT_01</stat>
<stat pass="1" fail="0" skip="0">function_name:ทดสอบการ login และ logout</stat>
<stat pass="1" fail="0" skip="0">test_id:SDT01_TS003_TC001</stat>
<stat pass="1" fail="0" skip="0">test_scenario:TS_003</stat>
</tag>
<suite>
<stat name="Assignment 02" id="s1" pass="1" fail="0" skip="0">Assignment 02</stat>
<stat name="Testcases" id="s1-s1" pass="1" fail="0" skip="0">Assignment 02.Testcases</stat>
<stat name="SDT01 TS003 TC001" id="s1-s1-s1" pass="1" fail="0" skip="0">Assignment 02.Testcases.SDT01 TS003 TC001</stat>
</suite>
</statistics>
<errors>
</errors>
</robot>
