<?xml version="1.0" encoding="UTF-8"?>
<robot generator="Robot 7.4.2 (Python 3.10.11 on win32)" generated="2026-04-29T17:41:27.541620" rpa="false" schemaversion="5">
<suite id="s1" name="Assignment 02" source="C:\Work\Assignment02\Assignment_02">
<suite id="s1-s1" name="Testcases" source="C:\Work\Assignment02\Assignment_02\testcases">
<suite id="s1-s1-s1" name="SDT01 TS002 TC001" source="C:\Work\Assignment02\Assignment_02\testcases\SDT01_TS002_TC001.robot">
<test id="s1-s1-s1-t1" name="SDT01_TS002_TC001 - เช็คจำนวนสินค้าที่กดซื้อไปและเมื่อกดลบสินค้าในตระกร้า ในตะกร้าต้องไม่มีสินค้าเหลืออยู่" line="5">
<kw name="Open browser and maximize browser window" owner="common_web">
<kw name="Evaluate" owner="BuiltIn">
<msg time="2026-04-29T17:41:27.749517" level="INFO">${options} = &lt;selenium.webdriver.chrome.options.Options object at 0x0000025B1A61F4C0&gt;</msg>
<var>${options}</var>
<arg>sys.modules['selenium.webdriver'].ChromeOptions()</arg>
<arg>sys, selenium.webdriver</arg>
<doc>Evaluates the given expression in Python and returns the result.</doc>
<status status="PASS" start="2026-04-29T17:41:27.749517" elapsed="0.000000"/>
</kw>
<kw name="Call Method" owner="BuiltIn">
<arg>${options}</arg>
<arg>add_argument</arg>
<arg>--incognito</arg>
<doc>Calls the named method of the given object with the provided arguments.</doc>
<status status="PASS" start="2026-04-29T17:41:27.749517" elapsed="0.000000"/>
</kw>
<kw name="Open Browser" owner="SeleniumLibrary">
<msg time="2026-04-29T17:41:27.749517" level="INFO">Opening browser 'chrome' to base url 'https://www.saucedemo.com/'.</msg>
<arg>url=${url}</arg>
<arg>browser=${browser}</arg>
<arg>options=${options}</arg>
<doc>Opens a new browser instance to the optional ``url``.</doc>
<status status="PASS" start="2026-04-29T17:41:27.749517" elapsed="1.780836"/>
</kw>
<kw name="Maximize Browser Window" owner="SeleniumLibrary">
<doc>Maximizes current browser window.</doc>
<status status="PASS" start="2026-04-29T17:41:29.530353" elapsed="0.021563"/>
</kw>
<arg>url=${url['test_web']}</arg>
<status status="PASS" start="2026-04-29T17:41:27.749517" elapsed="1.802399"/>
</kw>
<kw name="Login to sawg labs with username and password" owner="login_feature">
<kw name="Input username" owner="login_page">
<kw name="Input text to element when ready" owner="common_web">
<kw name="Wait Until Element Is Visible" owner="SeleniumLibrary">
<arg>locator=${locator}</arg>
<doc>Waits until the element ``locator`` is visible.</doc>
<status status="PASS" start="2026-04-29T17:41:29.554920" elapsed="0.023042"/>
</kw>
<kw name="Input Text" owner="SeleniumLibrary">
<msg time="2026-04-29T17:41:29.581743" level="INFO">Typing text 'standard_user' into text field 'id=user-name'.</msg>
<arg>${locator}</arg>
<arg>${text}</arg>
<doc>Types the given ``text`` into the text field identified by ``locator``.</doc>
<status status="PASS" start="2026-04-29T17:41:29.581743" elapsed="0.090551"/>
</kw>
<arg>locator=${login_locator['txt_username']}</arg>
<arg>text=${username}</arg>
<doc>รอจนกว่า element จะพร้อมใช้งาน
จากนั้นเพิ่มข้อความลงตาม locator ที่กำหนด</doc>
<status status="PASS" start="2026-04-29T17:41:29.554920" elapsed="0.117374"/>
</kw>
<arg>username=${usrname}</arg>
<doc>ใช้สำหรับกรอกชื่อ username</doc>
<status status="PASS" start="2026-04-29T17:41:29.553919" elapsed="0.118375"/>
</kw>
<kw name="Input password" owner="login_page">
<kw name="Input text to element when ready" owner="common_web">
<kw name="Wait Until Element Is Visible" owner="SeleniumLibrary">
<arg>locator=${locator}</arg>
<doc>Waits until the element ``locator`` is visible.</doc>
<status status="PASS" start="2026-04-29T17:41:29.675050" elapsed="0.016209"/>
</kw>
<kw name="Input Text" owner="SeleniumLibrary">
<msg time="2026-04-29T17:41:29.693169" level="INFO">Typing text 'secret_sauce' into text field 'id=password'.</msg>
<arg>${locator}</arg>
<arg>${text}</arg>
<doc>Types the given ``text`` into the text field identified by ``locator``.</doc>
<status status="PASS" start="2026-04-29T17:41:29.693169" elapsed="0.064162"/>
</kw>
<arg>locator=${login_locator['txt_password']}</arg>
<arg>text=${password}</arg>
<doc>รอจนกว่า element จะพร้อมใช้งาน
จากนั้นเพิ่มข้อความลงตาม locator ที่กำหนด</doc>
<status status="PASS" start="2026-04-29T17:41:29.674034" elapsed="0.083297"/>
</kw>
<arg>password=${password}</arg>
<doc>ใช้สำหรับกรอกรหัสผ่าน</doc>
<status status="PASS" start="2026-04-29T17:41:29.674034" elapsed="0.083297"/>
</kw>
<kw name="Click login button" owner="login_page">
<kw name="Wait and click element when ready" owner="common_web">
<kw name="Wait Until Element Is Enabled" owner="SeleniumLibrary">
<arg>locator=${locator}</arg>
<doc>Waits until the element ``locator`` is enabled.</doc>
<status status="PASS" start="2026-04-29T17:41:29.758515" elapsed="0.022628"/>
</kw>
<kw name="Click Element" owner="SeleniumLibrary">
<msg time="2026-04-29T17:41:29.781143" level="INFO">Clicking element 'id=login-button'.</msg>
<arg>locator=${locator}</arg>
<doc>Click the element identified by ``locator``.</doc>
<status status="PASS" start="2026-04-29T17:41:29.781143" elapsed="0.075421"/>
</kw>
<arg>locator=${login_locator['btn_login']}</arg>
<doc>กดปุ่มที่กำหนดเมื่อปุ่มพร้อมใช้งาน</doc>
<status status="PASS" start="2026-04-29T17:41:29.758515" elapsed="0.098049"/>
</kw>
<doc>ใช้สำหรับคลิกปุ่ม Login ในหน้า Login ของเว็บไซต์</doc>
<status status="PASS" start="2026-04-29T17:41:29.757331" elapsed="0.099233"/>
</kw>
<arg>usrname=${user_info['user_name']['standard']}</arg>
<arg>password=${user_info['password']}</arg>
<doc>เข้าระบบสู้หน้าเว็บไซต์ด้วย username และ password และกดปุ่ม Login</doc>
<status status="PASS" start="2026-04-29T17:41:29.552919" elapsed="0.303645"/>
</kw>
<kw name="Click add to cart button by product name" owner="product_page">
<kw name="Replace locator with target text" owner="common_web">
<kw name="Replace String" owner="String">
<msg time="2026-04-29T17:41:29.859853" level="INFO">${new_locator} = id=add-to-cart-sauce-labs-backpack</msg>
<var>${new_locator}</var>
<arg>${locator}</arg>
<arg>***replace***</arg>
<arg>${replace_string}</arg>
<doc>Replaces ``search_for`` in the given ``string`` with ``replace_with``.</doc>
<status status="PASS" start="2026-04-29T17:41:29.859853" elapsed="0.000000"/>
</kw>
<return>
<value>${new_locator}</value>
<status status="PASS" start="2026-04-29T17:41:29.859853" elapsed="0.000000"/>
</return>
<msg time="2026-04-29T17:41:29.859853" level="INFO">${new_locator} = id=add-to-cart-sauce-labs-backpack</msg>
<var>${new_locator}</var>
<arg>locator=${product_locator['btn_add_to_cart']}</arg>
<arg>replace_string=${product_name}</arg>
<doc>ใช้สำหรับแทนค่าข้อความใน locator แบบ dynamic
โดยจะนำข้อความที่ส่งเข้ามา ${replace_string}
ไปแทนที่ placeholder ใน locator
placeholder ที่ใช้ใน locator คือ
***replace***
การทำงาน
1. รับค่า locator ที่มี placeholder ***replace***
2. นำค่า ${replace_string} ไปแทนที่ placeholder ใน locator
3. คืนค่า locator ใหม่ที่ถูกแทนค่าแล้ว
Example:
locator เดิม:
//button[text()='***replace***']
การใช้งาน:
| ${locator}= | Replace locator with target text | //button[text()='***replace***'] | Submit |
ผลลัพธ์:
//button[text()='Submit']
Parameter:
${locator}           locator ที่ต้องการแทนค่า
${replace_string}    ข้อความที่ต้องการนำมาแทนที่ placeholder
Return:
${new_locator}    locator ใหม่หลังจากแทนค่าแล้ว</doc>
<status status="PASS" start="2026-04-29T17:41:29.856564" elapsed="0.003289"/>
</kw>
<kw name="Wait and click element when ready" owner="common_web">
<kw name="Wait Until Element Is Enabled" owner="SeleniumLibrary">
<arg>locator=${locator}</arg>
<doc>Waits until the element ``locator`` is enabled.</doc>
<status status="PASS" start="2026-04-29T17:41:29.859853" elapsed="0.023473"/>
</kw>
<kw name="Click Element" owner="SeleniumLibrary">
<msg time="2026-04-29T17:41:29.884343" level="INFO">Clicking element 'id=add-to-cart-sauce-labs-backpack'.</msg>
<arg>locator=${locator}</arg>
<doc>Click the element identified by ``locator``.</doc>
<status status="PASS" start="2026-04-29T17:41:29.883326" elapsed="0.050688"/>
</kw>
<arg>locator=${new_locator}</arg>
<doc>กดปุ่มที่กำหนดเมื่อปุ่มพร้อมใช้งาน</doc>
<status status="PASS" start="2026-04-29T17:41:29.859853" elapsed="0.074161"/>
</kw>
<arg>product_name=${product_add_to_cart_id['product_1']}</arg>
<doc>กดปุ่ม Add to cart เพื่อเพิ่มสินค้าที่ต้องการลงตะกร้าสินค้า</doc>
<status status="PASS" start="2026-04-29T17:41:29.856564" elapsed="0.078497"/>
</kw>
<kw name="Click add to cart button by product name" owner="product_page">
<kw name="Replace locator with target text" owner="common_web">
<kw name="Replace String" owner="String">
<msg time="2026-04-29T17:41:29.937083" level="INFO">${new_locator} = id=add-to-cart-sauce-labs-bike-light</msg>
<var>${new_locator}</var>
<arg>${locator}</arg>
<arg>***replace***</arg>
<arg>${replace_string}</arg>
<doc>Replaces ``search_for`` in the given ``string`` with ``replace_with``.</doc>
<status status="PASS" start="2026-04-29T17:41:29.937083" elapsed="0.000000"/>
</kw>
<return>
<value>${new_locator}</value>
<status status="PASS" start="2026-04-29T17:41:29.937083" elapsed="0.000000"/>
</return>
<msg time="2026-04-29T17:41:29.937083" level="INFO">${new_locator} = id=add-to-cart-sauce-labs-bike-light</msg>
<var>${new_locator}</var>
<arg>locator=${product_locator['btn_add_to_cart']}</arg>
<arg>replace_string=${product_name}</arg>
<doc>ใช้สำหรับแทนค่าข้อความใน locator แบบ dynamic
โดยจะนำข้อความที่ส่งเข้ามา ${replace_string}
ไปแทนที่ placeholder ใน locator
placeholder ที่ใช้ใน locator คือ
***replace***
การทำงาน
1. รับค่า locator ที่มี placeholder ***replace***
2. นำค่า ${replace_string} ไปแทนที่ placeholder ใน locator
3. คืนค่า locator ใหม่ที่ถูกแทนค่าแล้ว
Example:
locator เดิม:
//button[text()='***replace***']
การใช้งาน:
| ${locator}= | Replace locator with target text | //button[text()='***replace***'] | Submit |
ผลลัพธ์:
//button[text()='Submit']
Parameter:
${locator}           locator ที่ต้องการแทนค่า
${replace_string}    ข้อความที่ต้องการนำมาแทนที่ placeholder
Return:
${new_locator}    locator ใหม่หลังจากแทนค่าแล้ว</doc>
<status status="PASS" start="2026-04-29T17:41:29.936085" elapsed="0.000998"/>
</kw>
<kw name="Wait and click element when ready" owner="common_web">
<kw name="Wait Until Element Is Enabled" owner="SeleniumLibrary">
<arg>locator=${locator}</arg>
<doc>Waits until the element ``locator`` is enabled.</doc>
<status status="PASS" start="2026-04-29T17:41:29.938568" elapsed="0.014127"/>
</kw>
<kw name="Click Element" owner="SeleniumLibrary">
<msg time="2026-04-29T17:41:29.955720" level="INFO">Clicking element 'id=add-to-cart-sauce-labs-bike-light'.</msg>
<arg>locator=${locator}</arg>
<doc>Click the element identified by ``locator``.</doc>
<status status="PASS" start="2026-04-29T17:41:29.952695" elapsed="0.040515"/>
</kw>
<arg>locator=${new_locator}</arg>
<doc>กดปุ่มที่กำหนดเมื่อปุ่มพร้อมใช้งาน</doc>
<status status="PASS" start="2026-04-29T17:41:29.937083" elapsed="0.056127"/>
</kw>
<arg>product_name=${product_add_to_cart_id['product_2']}</arg>
<doc>กดปุ่ม Add to cart เพื่อเพิ่มสินค้าที่ต้องการลงตะกร้าสินค้า</doc>
<status status="PASS" start="2026-04-29T17:41:29.935061" elapsed="0.058149"/>
</kw>
<kw name="Click shopping cart button" owner="product_page">
<kw name="Wait and click element when ready" owner="common_web">
<kw name="Wait Until Element Is Enabled" owner="SeleniumLibrary">
<arg>locator=${locator}</arg>
<doc>Waits until the element ``locator`` is enabled.</doc>
<status status="PASS" start="2026-04-29T17:41:29.995576" elapsed="0.015158"/>
</kw>
<kw name="Click Element" owner="SeleniumLibrary">
<msg time="2026-04-29T17:41:30.011744" level="INFO">Clicking element 'id=shopping_cart_container'.</msg>
<arg>locator=${locator}</arg>
<doc>Click the element identified by ``locator``.</doc>
<status status="PASS" start="2026-04-29T17:41:30.010734" elapsed="0.041300"/>
</kw>
<arg>locator=${product_locator['btn_shopping_cart']}</arg>
<doc>กดปุ่มที่กำหนดเมื่อปุ่มพร้อมใช้งาน</doc>
<status status="PASS" start="2026-04-29T17:41:29.994533" elapsed="0.057501"/>
</kw>
<doc>กดปุ่มตะกร้าสินค้าเพื่อไปยังหน้าสินค้าที่ได้เลือกไว้</doc>
<status status="PASS" start="2026-04-29T17:41:29.994533" elapsed="0.057501"/>
</kw>
<kw name="Verify that product is displayed correctly" owner="your_cart_page">
<kw name="Replace locator with target text" owner="common_web">
<kw name="Replace String" owner="String">
<msg time="2026-04-29T17:41:30.052034" level="INFO">${new_locator} = xpath=//div[@class='inventory_item_name' and text()='Sauce Labs Backpack']</msg>
<var>${new_locator}</var>
<arg>${locator}</arg>
<arg>***replace***</arg>
<arg>${replace_string}</arg>
<doc>Replaces ``search_for`` in the given ``string`` with ``replace_with``.</doc>
<status status="PASS" start="2026-04-29T17:41:30.052034" elapsed="0.000000"/>
</kw>
<return>
<value>${new_locator}</value>
<status status="PASS" start="2026-04-29T17:41:30.052034" elapsed="0.003372"/>
</return>
<msg time="2026-04-29T17:41:30.055406" level="INFO">${new_locator} = xpath=//div[@class='inventory_item_name' and text()='Sauce Labs Backpack']</msg>
<var>${new_locator}</var>
<arg>locator=${your_cart_locator['txt_product']}</arg>
<arg>replace_string=${product_name}</arg>
<doc>ใช้สำหรับแทนค่าข้อความใน locator แบบ dynamic
โดยจะนำข้อความที่ส่งเข้ามา ${replace_string}
ไปแทนที่ placeholder ใน locator
placeholder ที่ใช้ใน locator คือ
***replace***
การทำงาน
1. รับค่า locator ที่มี placeholder ***replace***
2. นำค่า ${replace_string} ไปแทนที่ placeholder ใน locator
3. คืนค่า locator ใหม่ที่ถูกแทนค่าแล้ว
Example:
locator เดิม:
//button[text()='***replace***']
การใช้งาน:
| ${locator}= | Replace locator with target text | //button[text()='***replace***'] | Submit |
ผลลัพธ์:
//button[text()='Submit']
Parameter:
${locator}           locator ที่ต้องการแทนค่า
${replace_string}    ข้อความที่ต้องการนำมาแทนที่ placeholder
Return:
${new_locator}    locator ใหม่หลังจากแทนค่าแล้ว</doc>
<status status="PASS" start="2026-04-29T17:41:30.052034" elapsed="0.003372"/>
</kw>
<kw name="Page Should Contain Element" owner="SeleniumLibrary">
<msg time="2026-04-29T17:41:30.063258" level="INFO">Current page contains element 'xpath=//div[@class='inventory_item_name' and text()='Sauce Labs Backpack']'.</msg>
<arg>locator=${new_locator}</arg>
<doc>Verifies that element ``locator`` is found on the current page.</doc>
<status status="PASS" start="2026-04-29T17:41:30.055406" elapsed="0.007852"/>
</kw>
<arg>product_name=${product_name['product_1']}</arg>
<doc>ตรวจสอบสินค้าที่กดปุ่ม Add to cart ว่าสินค้ามีอยู่ในหน้าตะกร้าสินค้าหรือไม่</doc>
<status status="PASS" start="2026-04-29T17:41:30.052034" elapsed="0.011224"/>
</kw>
<kw name="Verify that product is displayed correctly" owner="your_cart_page">
<kw name="Replace locator with target text" owner="common_web">
<kw name="Replace String" owner="String">
<msg time="2026-04-29T17:41:30.065404" level="INFO">${new_locator} = xpath=//div[@class='inventory_item_name' and text()='Sauce Labs Bike Light']</msg>
<var>${new_locator}</var>
<arg>${locator}</arg>
<arg>***replace***</arg>
<arg>${replace_string}</arg>
<doc>Replaces ``search_for`` in the given ``string`` with ``replace_with``.</doc>
<status status="PASS" start="2026-04-29T17:41:30.065404" elapsed="0.000000"/>
</kw>
<return>
<value>${new_locator}</value>
<status status="PASS" start="2026-04-29T17:41:30.065404" elapsed="0.000000"/>
</return>
<msg time="2026-04-29T17:41:30.065404" level="INFO">${new_locator} = xpath=//div[@class='inventory_item_name' and text()='Sauce Labs Bike Light']</msg>
<var>${new_locator}</var>
<arg>locator=${your_cart_locator['txt_product']}</arg>
<arg>replace_string=${product_name}</arg>
<doc>ใช้สำหรับแทนค่าข้อความใน locator แบบ dynamic
โดยจะนำข้อความที่ส่งเข้ามา ${replace_string}
ไปแทนที่ placeholder ใน locator
placeholder ที่ใช้ใน locator คือ
***replace***
การทำงาน
1. รับค่า locator ที่มี placeholder ***replace***
2. นำค่า ${replace_string} ไปแทนที่ placeholder ใน locator
3. คืนค่า locator ใหม่ที่ถูกแทนค่าแล้ว
Example:
locator เดิม:
//button[text()='***replace***']
การใช้งาน:
| ${locator}= | Replace locator with target text | //button[text()='***replace***'] | Submit |
ผลลัพธ์:
//button[text()='Submit']
Parameter:
${locator}           locator ที่ต้องการแทนค่า
${replace_string}    ข้อความที่ต้องการนำมาแทนที่ placeholder
Return:
${new_locator}    locator ใหม่หลังจากแทนค่าแล้ว</doc>
<status status="PASS" start="2026-04-29T17:41:30.064257" elapsed="0.001147"/>
</kw>
<kw name="Page Should Contain Element" owner="SeleniumLibrary">
<msg time="2026-04-29T17:41:30.073968" level="INFO">Current page contains element 'xpath=//div[@class='inventory_item_name' and text()='Sauce Labs Bike Light']'.</msg>
<arg>locator=${new_locator}</arg>
<doc>Verifies that element ``locator`` is found on the current page.</doc>
<status status="PASS" start="2026-04-29T17:41:30.065404" elapsed="0.008564"/>
</kw>
<arg>product_name=${product_name['product_2']}</arg>
<doc>ตรวจสอบสินค้าที่กดปุ่ม Add to cart ว่าสินค้ามีอยู่ในหน้าตะกร้าสินค้าหรือไม่</doc>
<status status="PASS" start="2026-04-29T17:41:30.064257" elapsed="0.009711"/>
</kw>
<kw name="Click remove product by name" owner="your_cart_page">
<kw name="Replace locator with target text" owner="common_web">
<kw name="Replace String" owner="String">
<msg time="2026-04-29T17:41:30.075667" level="INFO">${new_locator} = id=remove-sauce-labs-backpack</msg>
<var>${new_locator}</var>
<arg>${locator}</arg>
<arg>***replace***</arg>
<arg>${replace_string}</arg>
<doc>Replaces ``search_for`` in the given ``string`` with ``replace_with``.</doc>
<status status="PASS" start="2026-04-29T17:41:30.075667" elapsed="0.000000"/>
</kw>
<return>
<value>${new_locator}</value>
<status status="PASS" start="2026-04-29T17:41:30.075667" elapsed="0.000000"/>
</return>
<msg time="2026-04-29T17:41:30.075667" level="INFO">${new_locator} = id=remove-sauce-labs-backpack</msg>
<var>${new_locator}</var>
<arg>locator=${your_cart_locator['btn_remove']}</arg>
<arg>replace_string=${product_name}</arg>
<doc>ใช้สำหรับแทนค่าข้อความใน locator แบบ dynamic
โดยจะนำข้อความที่ส่งเข้ามา ${replace_string}
ไปแทนที่ placeholder ใน locator
placeholder ที่ใช้ใน locator คือ
***replace***
การทำงาน
1. รับค่า locator ที่มี placeholder ***replace***
2. นำค่า ${replace_string} ไปแทนที่ placeholder ใน locator
3. คืนค่า locator ใหม่ที่ถูกแทนค่าแล้ว
Example:
locator เดิม:
//button[text()='***replace***']
การใช้งาน:
| ${locator}= | Replace locator with target text | //button[text()='***replace***'] | Submit |
ผลลัพธ์:
//button[text()='Submit']
Parameter:
${locator}           locator ที่ต้องการแทนค่า
${replace_string}    ข้อความที่ต้องการนำมาแทนที่ placeholder
Return:
${new_locator}    locator ใหม่หลังจากแทนค่าแล้ว</doc>
<status status="PASS" start="2026-04-29T17:41:30.073968" elapsed="0.001699"/>
</kw>
<kw name="Wait and click element when ready" owner="common_web">
<kw name="Wait Until Element Is Enabled" owner="SeleniumLibrary">
<arg>locator=${locator}</arg>
<doc>Waits until the element ``locator`` is enabled.</doc>
<status status="PASS" start="2026-04-29T17:41:30.076780" elapsed="0.013642"/>
</kw>
<kw name="Click Element" owner="SeleniumLibrary">
<msg time="2026-04-29T17:41:30.090422" level="INFO">Clicking element 'id=remove-sauce-labs-backpack'.</msg>
<arg>locator=${locator}</arg>
<doc>Click the element identified by ``locator``.</doc>
<status status="PASS" start="2026-04-29T17:41:30.090422" elapsed="0.034981"/>
</kw>
<arg>locator=${new_locator}</arg>
<doc>กดปุ่มที่กำหนดเมื่อปุ่มพร้อมใช้งาน</doc>
<status status="PASS" start="2026-04-29T17:41:30.075667" elapsed="0.049736"/>
</kw>
<arg>product_name=${product_add_to_cart_id['product_1']}</arg>
<doc>ทำการ Replace ชื่อสินค้าที่ต้องการ จากนั้นกดปุ่ม Remove เพื่อนำสินค้าออกจากตะกร้าสินค้า</doc>
<status status="PASS" start="2026-04-29T17:41:30.073968" elapsed="0.051435"/>
</kw>
<kw name="Verify that product is not displayed" owner="your_cart_page">
<kw name="Replace locator with target text" owner="common_web">
<kw name="Replace String" owner="String">
<msg time="2026-04-29T17:41:30.127414" level="INFO">${new_locator} = xpath=//div[@class='inventory_item_name' and text()='sauce-labs-backpack']</msg>
<var>${new_locator}</var>
<arg>${locator}</arg>
<arg>***replace***</arg>
<arg>${replace_string}</arg>
<doc>Replaces ``search_for`` in the given ``string`` with ``replace_with``.</doc>
<status status="PASS" start="2026-04-29T17:41:30.127414" elapsed="0.000000"/>
</kw>
<return>
<value>${new_locator}</value>
<status status="PASS" start="2026-04-29T17:41:30.127414" elapsed="0.000000"/>
</return>
<msg time="2026-04-29T17:41:30.127414" level="INFO">${new_locator} = xpath=//div[@class='inventory_item_name' and text()='sauce-labs-backpack']</msg>
<var>${new_locator}</var>
<arg>locator=${your_cart_locator['txt_product']}</arg>
<arg>replace_string=${product_name}</arg>
<doc>ใช้สำหรับแทนค่าข้อความใน locator แบบ dynamic
โดยจะนำข้อความที่ส่งเข้ามา ${replace_string}
ไปแทนที่ placeholder ใน locator
placeholder ที่ใช้ใน locator คือ
***replace***
การทำงาน
1. รับค่า locator ที่มี placeholder ***replace***
2. นำค่า ${replace_string} ไปแทนที่ placeholder ใน locator
3. คืนค่า locator ใหม่ที่ถูกแทนค่าแล้ว
Example:
locator เดิม:
//button[text()='***replace***']
การใช้งาน:
| ${locator}= | Replace locator with target text | //button[text()='***replace***'] | Submit |
ผลลัพธ์:
//button[text()='Submit']
Parameter:
${locator}           locator ที่ต้องการแทนค่า
${replace_string}    ข้อความที่ต้องการนำมาแทนที่ placeholder
Return:
${new_locator}    locator ใหม่หลังจากแทนค่าแล้ว</doc>
<status status="PASS" start="2026-04-29T17:41:30.126416" elapsed="0.000998"/>
</kw>
<kw name="Page Should Not Contain Element" owner="SeleniumLibrary">
<msg time="2026-04-29T17:41:30.135662" level="INFO">Current page does not contain element 'xpath=//div[@class='inventory_item_name' and text()='sauce-labs-backpack']'.</msg>
<arg>locator=${new_locator}</arg>
<doc>Verifies that element ``locator`` is not found on the current page.</doc>
<status status="PASS" start="2026-04-29T17:41:30.127414" elapsed="0.008248"/>
</kw>
<arg>product_name=${product_add_to_cart_id['product_1']}</arg>
<doc>ตรวจสอบสินค้าหลังจากกดปุ่ม Remove ว่าสินค้าหายไปจากหน้าตะกร้าสินค้าหรือไม่</doc>
<status status="PASS" start="2026-04-29T17:41:30.125403" elapsed="0.010259"/>
</kw>
<kw name="Click remove product by name" owner="your_cart_page">
<kw name="Replace locator with target text" owner="common_web">
<kw name="Replace String" owner="String">
<msg time="2026-04-29T17:41:30.137658" level="INFO">${new_locator} = id=remove-sauce-labs-bike-light</msg>
<var>${new_locator}</var>
<arg>${locator}</arg>
<arg>***replace***</arg>
<arg>${replace_string}</arg>
<doc>Replaces ``search_for`` in the given ``string`` with ``replace_with``.</doc>
<status status="PASS" start="2026-04-29T17:41:30.137658" elapsed="0.000000"/>
</kw>
<return>
<value>${new_locator}</value>
<status status="PASS" start="2026-04-29T17:41:30.137658" elapsed="0.000000"/>
</return>
<msg time="2026-04-29T17:41:30.138658" level="INFO">${new_locator} = id=remove-sauce-labs-bike-light</msg>
<var>${new_locator}</var>
<arg>locator=${your_cart_locator['btn_remove']}</arg>
<arg>replace_string=${product_name}</arg>
<doc>ใช้สำหรับแทนค่าข้อความใน locator แบบ dynamic
โดยจะนำข้อความที่ส่งเข้ามา ${replace_string}
ไปแทนที่ placeholder ใน locator
placeholder ที่ใช้ใน locator คือ
***replace***
การทำงาน
1. รับค่า locator ที่มี placeholder ***replace***
2. นำค่า ${replace_string} ไปแทนที่ placeholder ใน locator
3. คืนค่า locator ใหม่ที่ถูกแทนค่าแล้ว
Example:
locator เดิม:
//button[text()='***replace***']
การใช้งาน:
| ${locator}= | Replace locator with target text | //button[text()='***replace***'] | Submit |
ผลลัพธ์:
//button[text()='Submit']
Parameter:
${locator}           locator ที่ต้องการแทนค่า
${replace_string}    ข้อความที่ต้องการนำมาแทนที่ placeholder
Return:
${new_locator}    locator ใหม่หลังจากแทนค่าแล้ว</doc>
<status status="PASS" start="2026-04-29T17:41:30.136659" elapsed="0.001999"/>
</kw>
<kw name="Wait and click element when ready" owner="common_web">
<kw name="Wait Until Element Is Enabled" owner="SeleniumLibrary">
<arg>locator=${locator}</arg>
<doc>Waits until the element ``locator`` is enabled.</doc>
<status status="PASS" start="2026-04-29T17:41:30.138658" elapsed="0.015336"/>
</kw>
<kw name="Click Element" owner="SeleniumLibrary">
<msg time="2026-04-29T17:41:30.153994" level="INFO">Clicking element 'id=remove-sauce-labs-bike-light'.</msg>
<arg>locator=${locator}</arg>
<doc>Click the element identified by ``locator``.</doc>
<status status="PASS" start="2026-04-29T17:41:30.153994" elapsed="0.034725"/>
</kw>
<arg>locator=${new_locator}</arg>
<doc>กดปุ่มที่กำหนดเมื่อปุ่มพร้อมใช้งาน</doc>
<status status="PASS" start="2026-04-29T17:41:30.138658" elapsed="0.050061"/>
</kw>
<arg>product_name=${product_add_to_cart_id['product_2']}</arg>
<doc>ทำการ Replace ชื่อสินค้าที่ต้องการ จากนั้นกดปุ่ม Remove เพื่อนำสินค้าออกจากตะกร้าสินค้า</doc>
<status status="PASS" start="2026-04-29T17:41:30.136659" elapsed="0.052060"/>
</kw>
<kw name="Verify that product is not displayed" owner="your_cart_page">
<kw name="Replace locator with target text" owner="common_web">
<kw name="Replace String" owner="String">
<msg time="2026-04-29T17:41:30.191173" level="INFO">${new_locator} = xpath=//div[@class='inventory_item_name' and text()='sauce-labs-bike-light']</msg>
<var>${new_locator}</var>
<arg>${locator}</arg>
<arg>***replace***</arg>
<arg>${replace_string}</arg>
<doc>Replaces ``search_for`` in the given ``string`` with ``replace_with``.</doc>
<status status="PASS" start="2026-04-29T17:41:30.191173" elapsed="0.000000"/>
</kw>
<return>
<value>${new_locator}</value>
<status status="PASS" start="2026-04-29T17:41:30.191173" elapsed="0.000000"/>
</return>
<msg time="2026-04-29T17:41:30.191173" level="INFO">${new_locator} = xpath=//div[@class='inventory_item_name' and text()='sauce-labs-bike-light']</msg>
<var>${new_locator}</var>
<arg>locator=${your_cart_locator['txt_product']}</arg>
<arg>replace_string=${product_name}</arg>
<doc>ใช้สำหรับแทนค่าข้อความใน locator แบบ dynamic
โดยจะนำข้อความที่ส่งเข้ามา ${replace_string}
ไปแทนที่ placeholder ใน locator
placeholder ที่ใช้ใน locator คือ
***replace***
การทำงาน
1. รับค่า locator ที่มี placeholder ***replace***
2. นำค่า ${replace_string} ไปแทนที่ placeholder ใน locator
3. คืนค่า locator ใหม่ที่ถูกแทนค่าแล้ว
Example:
locator เดิม:
//button[text()='***replace***']
การใช้งาน:
| ${locator}= | Replace locator with target text | //button[text()='***replace***'] | Submit |
ผลลัพธ์:
//button[text()='Submit']
Parameter:
${locator}           locator ที่ต้องการแทนค่า
${replace_string}    ข้อความที่ต้องการนำมาแทนที่ placeholder
Return:
${new_locator}    locator ใหม่หลังจากแทนค่าแล้ว</doc>
<status status="PASS" start="2026-04-29T17:41:30.188719" elapsed="0.002454"/>
</kw>
<kw name="Page Should Not Contain Element" owner="SeleniumLibrary">
<msg time="2026-04-29T17:41:30.198866" level="INFO">Current page does not contain element 'xpath=//div[@class='inventory_item_name' and text()='sauce-labs-bike-light']'.</msg>
<arg>locator=${new_locator}</arg>
<doc>Verifies that element ``locator`` is not found on the current page.</doc>
<status status="PASS" start="2026-04-29T17:41:30.191173" elapsed="0.007693"/>
</kw>
<arg>product_name=${product_add_to_cart_id['product_2']}</arg>
<doc>ตรวจสอบสินค้าหลังจากกดปุ่ม Remove ว่าสินค้าหายไปจากหน้าตะกร้าสินค้าหรือไม่</doc>
<status status="PASS" start="2026-04-29T17:41:30.188719" elapsed="0.010147"/>
</kw>
<doc>1. เข้าเว็บไซต์ saucedemo
2. กรอก username
3. กรอก password
4. กดปุ่ม Login
5. กดปุ่ม Add to cart ที่สินค้าที่ 1
6. กดปุ่ม Add to cart ที่สินค้าที่ 2
7. กดปุ่มตระกร้าสินค้า
8. กดปุ่ม Remove ที่สินค้าที่ 1
9. กดปุ่ม Remove ที่สินค้าที่ 2</doc>
<tag>function_id:WEB_SDT_01</tag>
<tag>function_name:ทดสอบซื้อสินค้าให้สำเร็จ</tag>
<tag>test_id:SDT01_TS002_TC001</tag>
<tag>test_scenario:TS_002</tag>
<status status="PASS" start="2026-04-29T17:41:27.749517" elapsed="2.449813"/>
</test>
<status status="PASS" start="2026-04-29T17:41:27.573147" elapsed="2.626183"/>
</suite>
<status status="PASS" start="2026-04-29T17:41:27.572157" elapsed="2.628182"/>
</suite>
<status status="PASS" start="2026-04-29T17:41:27.541620" elapsed="2.658719"/>
</suite>
<statistics>
<total>
<stat pass="1" fail="0" skip="0">All Tests</stat>
</total>
<tag>
<stat pass="1" fail="0" skip="0">function_id:WEB_SDT_01</stat>
<stat pass="1" fail="0" skip="0">function_name:ทดสอบซื้อสินค้าให้สำเร็จ</stat>
<stat pass="1" fail="0" skip="0">test_id:SDT01_TS002_TC001</stat>
<stat pass="1" fail="0" skip="0">test_scenario:TS_002</stat>
</tag>
<suite>
<stat name="Assignment 02" id="s1" pass="1" fail="0" skip="0">Assignment 02</stat>
<stat name="Testcases" id="s1-s1" pass="1" fail="0" skip="0">Assignment 02.Testcases</stat>
<stat name="SDT01 TS002 TC001" id="s1-s1-s1" pass="1" fail="0" skip="0">Assignment 02.Testcases.SDT01 TS002 TC001</stat>
</suite>
</statistics>
<errors>
</errors>
</robot>
