<?xml version="1.0" encoding="UTF-8"?>
<robot generator="Robot 7.4.2 (Python 3.10.11 on win32)" generated="2026-04-29T16:26:57.580855" rpa="false" schemaversion="5">
<suite id="s1" name="Assignment 02" source="C:\Work\Assignment02\Assignment_02">
<suite id="s1-s1" name="Testcases" source="C:\Work\Assignment02\Assignment_02\testcases">
<suite id="s1-s1-s1" name="SDT01 TS001 TC001" source="C:\Work\Assignment02\Assignment_02\testcases\SDT01_TS001_TC001.robot">
<test id="s1-s1-s1-t1" name="SDT01_TS001_TC001 - ทดสอบซื้อสินค้าให้สำเร็จ 1 ชิ้น" line="6">
<kw name="Open browser and maximize browser window" owner="common_web">
<kw name="Evaluate" owner="BuiltIn">
<msg time="2026-04-29T16:26:57.791576" level="INFO">${options} = &lt;selenium.webdriver.chrome.options.Options object at 0x00000252AE7DEB60&gt;</msg>
<var>${options}</var>
<arg>sys.modules['selenium.webdriver'].ChromeOptions()</arg>
<arg>sys, selenium.webdriver</arg>
<doc>Evaluates the given expression in Python and returns the result.</doc>
<status status="PASS" start="2026-04-29T16:26:57.790419" elapsed="0.001157"/>
</kw>
<kw name="Call Method" owner="BuiltIn">
<arg>${options}</arg>
<arg>add_argument</arg>
<arg>--incognito</arg>
<doc>Calls the named method of the given object with the provided arguments.</doc>
<status status="PASS" start="2026-04-29T16:26:57.791576" elapsed="0.000000"/>
</kw>
<kw name="Open Browser" owner="SeleniumLibrary">
<msg time="2026-04-29T16:26:57.791576" level="INFO">Opening browser 'chrome' to base url 'https://www.saucedemo.com/'.</msg>
<arg>url=${url}</arg>
<arg>browser=${browser}</arg>
<arg>options=${options}</arg>
<doc>Opens a new browser instance to the optional ``url``.</doc>
<status status="PASS" start="2026-04-29T16:26:57.791576" elapsed="4.579199"/>
</kw>
<kw name="Maximize Browser Window" owner="SeleniumLibrary">
<doc>Maximizes current browser window.</doc>
<status status="PASS" start="2026-04-29T16:27:02.370775" elapsed="0.032081"/>
</kw>
<arg>url=${url['test_web']}</arg>
<status status="PASS" start="2026-04-29T16:26:57.775729" elapsed="4.627127"/>
</kw>
<kw name="Input username" owner="login_page">
<kw name="Input text to element when ready" owner="common_web">
<kw name="Wait Until Element Is Visible" owner="SeleniumLibrary">
<arg>locator=${locator}</arg>
<doc>Waits until the element ``locator`` is visible.</doc>
<status status="PASS" start="2026-04-29T16:27:02.402856" elapsed="0.023838"/>
</kw>
<kw name="Input Text" owner="SeleniumLibrary">
<msg time="2026-04-29T16:27:02.428242" level="INFO">Typing text 'standard_user' into text field 'id=user-name'.</msg>
<arg>${locator}</arg>
<arg>${text}</arg>
<doc>Types the given ``text`` into the text field identified by ``locator``.</doc>
<status status="PASS" start="2026-04-29T16:27:02.427799" elapsed="0.081901"/>
</kw>
<arg>locator=${login_locator['txt_username']}</arg>
<arg>text=${username}</arg>
<doc>รอจนกว่า element จะพร้อมใช้งาน
จากนั้นเพิ่มข้อความลงตาม locator ที่กำหนด</doc>
<status status="PASS" start="2026-04-29T16:27:02.402856" elapsed="0.106844"/>
</kw>
<arg>username=${user_info['user_name']['standard']}</arg>
<doc>ใช้สำหรับกรอกชื่อ username</doc>
<status status="PASS" start="2026-04-29T16:27:02.402856" elapsed="0.106844"/>
</kw>
<kw name="Input password" owner="login_page">
<kw name="Input text to element when ready" owner="common_web">
<kw name="Wait Until Element Is Visible" owner="SeleniumLibrary">
<arg>locator=${locator}</arg>
<doc>Waits until the element ``locator`` is visible.</doc>
<status status="PASS" start="2026-04-29T16:27:02.514620" elapsed="0.017707"/>
</kw>
<kw name="Input Text" owner="SeleniumLibrary">
<msg time="2026-04-29T16:27:02.533684" level="INFO">Typing text 'secret_sauce' into text field 'id=password'.</msg>
<arg>${locator}</arg>
<arg>${text}</arg>
<doc>Types the given ``text`` into the text field identified by ``locator``.</doc>
<status status="PASS" start="2026-04-29T16:27:02.532327" elapsed="0.066136"/>
</kw>
<arg>locator=${login_locator['txt_password']}</arg>
<arg>text=${password}</arg>
<doc>รอจนกว่า element จะพร้อมใช้งาน
จากนั้นเพิ่มข้อความลงตาม locator ที่กำหนด</doc>
<status status="PASS" start="2026-04-29T16:27:02.512622" elapsed="0.085841"/>
</kw>
<arg>password=${user_info['password']}</arg>
<doc>ใช้สำหรับกรอกรหัสผ่าน</doc>
<status status="PASS" start="2026-04-29T16:27:02.511525" elapsed="0.086938"/>
</kw>
<kw name="Click login button" owner="login_page">
<kw name="Wait and click element when ready" owner="common_web">
<kw name="Wait Until Element Is Enabled" owner="SeleniumLibrary">
<arg>locator=${locator}</arg>
<doc>Waits until the element ``locator`` is enabled.</doc>
<status status="PASS" start="2026-04-29T16:27:02.598463" elapsed="0.019433"/>
</kw>
<kw name="Click Element" owner="SeleniumLibrary">
<msg time="2026-04-29T16:27:02.620660" level="INFO">Clicking element 'id=login-button'.</msg>
<arg>locator=${locator}</arg>
<doc>Click the element identified by ``locator``.</doc>
<status status="PASS" start="2026-04-29T16:27:02.620660" elapsed="0.072496"/>
</kw>
<arg>locator=${login_locator['btn_login']}</arg>
<doc>กดปุ่มที่กำหนดเมื่อปุ่มพร้อมใช้งาน</doc>
<status status="PASS" start="2026-04-29T16:27:02.598463" elapsed="0.094693"/>
</kw>
<doc>ใช้สำหรับคลิกปุ่ม Login ในหน้า Login ของเว็บไซต์</doc>
<status status="PASS" start="2026-04-29T16:27:02.598463" elapsed="0.094693"/>
</kw>
<kw name="Click add to cart button by product name" owner="product_page">
<kw name="Replace locator with target text" owner="common_web">
<kw name="Replace String" owner="String">
<msg time="2026-04-29T16:27:02.694213" level="INFO">${new_locator} = id=add-to-cart-sauce-labs-backpack</msg>
<var>${new_locator}</var>
<arg>${locator}</arg>
<arg>***replace***</arg>
<arg>${replace_string}</arg>
<doc>Replaces ``search_for`` in the given ``string`` with ``replace_with``.</doc>
<status status="PASS" start="2026-04-29T16:27:02.694213" elapsed="0.000000"/>
</kw>
<return>
<value>${new_locator}</value>
<status status="PASS" start="2026-04-29T16:27:02.694213" elapsed="0.000000"/>
</return>
<msg time="2026-04-29T16:27:02.694213" level="INFO">${new_locator} = id=add-to-cart-sauce-labs-backpack</msg>
<var>${new_locator}</var>
<arg>locator=${product_locator['btn_add_to_cart']}</arg>
<arg>replace_string=${product_name}</arg>
<doc>ใช้สำหรับแทนค่าข้อความใน locator แบบ dynamic
โดยจะนำข้อความที่ส่งเข้ามา ${replace_string}
ไปแทนที่ placeholder ใน locator
placeholder ที่ใช้ใน locator คือ
***replace***
การทำงาน
1. รับค่า locator ที่มี placeholder ***replace***
2. นำค่า ${replace_string} ไปแทนที่ placeholder ใน locator
3. คืนค่า locator ใหม่ที่ถูกแทนค่าแล้ว
Example:
locator เดิม:
//button[text()='***replace***']
การใช้งาน:
| ${locator}= | Replace locator with target text | //button[text()='***replace***'] | Submit |
ผลลัพธ์:
//button[text()='Submit']
Parameter:
${locator}           locator ที่ต้องการแทนค่า
${replace_string}    ข้อความที่ต้องการนำมาแทนที่ placeholder
Return:
${new_locator}    locator ใหม่หลังจากแทนค่าแล้ว</doc>
<status status="PASS" start="2026-04-29T16:27:02.694213" elapsed="0.000000"/>
</kw>
<kw name="Wait and click element when ready" owner="common_web">
<kw name="Wait Until Element Is Enabled" owner="SeleniumLibrary">
<arg>locator=${locator}</arg>
<doc>Waits until the element ``locator`` is enabled.</doc>
<status status="PASS" start="2026-04-29T16:27:02.694213" elapsed="0.015530"/>
</kw>
<kw name="Click Element" owner="SeleniumLibrary">
<msg time="2026-04-29T16:27:02.709743" level="INFO">Clicking element 'id=add-to-cart-sauce-labs-backpack'.</msg>
<arg>locator=${locator}</arg>
<doc>Click the element identified by ``locator``.</doc>
<status status="PASS" start="2026-04-29T16:27:02.709743" elapsed="0.055732"/>
</kw>
<arg>locator=${new_locator}</arg>
<doc>กดปุ่มที่กำหนดเมื่อปุ่มพร้อมใช้งาน</doc>
<status status="PASS" start="2026-04-29T16:27:02.694213" elapsed="0.071262"/>
</kw>
<arg>product_name=${product_add_to_cart_id['product_1']}</arg>
<doc>กดปุ่ม Add to cart เพื่อเพิ่มสินค้าที่ต้องการลงตะกร้าสินค้า</doc>
<status status="PASS" start="2026-04-29T16:27:02.694213" elapsed="0.071262"/>
</kw>
<kw name="Click shopping cart button" owner="product_page">
<kw name="Wait and click element when ready" owner="common_web">
<kw name="Wait Until Element Is Enabled" owner="SeleniumLibrary">
<arg>locator=${locator}</arg>
<doc>Waits until the element ``locator`` is enabled.</doc>
<status status="PASS" start="2026-04-29T16:27:02.767473" elapsed="0.019124"/>
</kw>
<kw name="Click Element" owner="SeleniumLibrary">
<msg time="2026-04-29T16:27:02.787600" level="INFO">Clicking element 'id=shopping_cart_container'.</msg>
<arg>locator=${locator}</arg>
<doc>Click the element identified by ``locator``.</doc>
<status status="PASS" start="2026-04-29T16:27:02.787600" elapsed="0.041924"/>
</kw>
<arg>locator=${product_locator['btn_shopping_cart']}</arg>
<doc>กดปุ่มที่กำหนดเมื่อปุ่มพร้อมใช้งาน</doc>
<status status="PASS" start="2026-04-29T16:27:02.766473" elapsed="0.063051"/>
</kw>
<doc>กดปุ่มตะกร้าสินค้าเพื่อไปยังหน้าสินค้าที่ได้เลือกไว้</doc>
<status status="PASS" start="2026-04-29T16:27:02.766473" elapsed="0.063051"/>
</kw>
<kw name="Click checkout button" owner="your_cart_page">
<kw name="Wait and click element when ready" owner="common_web">
<kw name="Wait Until Element Is Enabled" owner="SeleniumLibrary">
<arg>locator=${locator}</arg>
<doc>Waits until the element ``locator`` is enabled.</doc>
<status status="PASS" start="2026-04-29T16:27:02.830869" elapsed="0.016129"/>
</kw>
<kw name="Click Element" owner="SeleniumLibrary">
<msg time="2026-04-29T16:27:02.846998" level="INFO">Clicking element 'id=checkout'.</msg>
<arg>locator=${locator}</arg>
<doc>Click the element identified by ``locator``.</doc>
<status status="PASS" start="2026-04-29T16:27:02.846998" elapsed="0.072022"/>
</kw>
<arg>locator=${your_cart_locator['btn_checkout']}</arg>
<doc>กดปุ่มที่กำหนดเมื่อปุ่มพร้อมใช้งาน</doc>
<status status="PASS" start="2026-04-29T16:27:02.830869" elapsed="0.088151"/>
</kw>
<doc>กดปุ่ม Checkout เพื่อไปยังหน้ากรอกข้อมูลชื่อและรหัสไปรษณีย์</doc>
<status status="PASS" start="2026-04-29T16:27:02.829524" elapsed="0.089496"/>
</kw>
<kw name="Input firstname" owner="checkout_your_information_page">
<kw name="Input text to element when ready" owner="common_web">
<kw name="Wait Until Element Is Visible" owner="SeleniumLibrary">
<arg>locator=${locator}</arg>
<doc>Waits until the element ``locator`` is visible.</doc>
<status status="PASS" start="2026-04-29T16:27:02.921184" elapsed="0.011428"/>
</kw>
<kw name="Input Text" owner="SeleniumLibrary">
<msg time="2026-04-29T16:27:02.933611" level="INFO">Typing text 'first_name_1' into text field 'id=first-name'.</msg>
<arg>${locator}</arg>
<arg>${text}</arg>
<doc>Types the given ``text`` into the text field identified by ``locator``.</doc>
<status status="PASS" start="2026-04-29T16:27:02.932612" elapsed="0.068774"/>
</kw>
<arg>locator=${checkout_your_information_locator['txt_first_name']}</arg>
<arg>text=${firstname}</arg>
<doc>รอจนกว่า element จะพร้อมใช้งาน
จากนั้นเพิ่มข้อความลงตาม locator ที่กำหนด</doc>
<status status="PASS" start="2026-04-29T16:27:02.920244" elapsed="0.081142"/>
</kw>
<arg>firstname=${shipping_address['first_name']}</arg>
<doc>สำหรับกรอกชื่อต้นลงในช่อง firstname</doc>
<status status="PASS" start="2026-04-29T16:27:02.919020" elapsed="0.082366"/>
</kw>
<kw name="Input lastname" owner="checkout_your_information_page">
<kw name="Input text to element when ready" owner="common_web">
<kw name="Wait Until Element Is Visible" owner="SeleniumLibrary">
<arg>locator=${locator}</arg>
<doc>Waits until the element ``locator`` is visible.</doc>
<status status="PASS" start="2026-04-29T16:27:03.004526" elapsed="0.012700"/>
</kw>
<kw name="Input Text" owner="SeleniumLibrary">
<msg time="2026-04-29T16:27:03.017226" level="INFO">Typing text 'last_name_1' into text field 'id=last-name'.</msg>
<arg>${locator}</arg>
<arg>${text}</arg>
<doc>Types the given ``text`` into the text field identified by ``locator``.</doc>
<status status="PASS" start="2026-04-29T16:27:03.017226" elapsed="0.056936"/>
</kw>
<arg>locator=${checkout_your_information_locator['txt_last_name']}</arg>
<arg>text=${lastname}</arg>
<doc>รอจนกว่า element จะพร้อมใช้งาน
จากนั้นเพิ่มข้อความลงตาม locator ที่กำหนด</doc>
<status status="PASS" start="2026-04-29T16:27:03.001386" elapsed="0.072776"/>
</kw>
<arg>lastname=${shipping_address['last_name']}</arg>
<doc>สำหรับกรอกนามสกุลลงในช่อง lastname</doc>
<status status="PASS" start="2026-04-29T16:27:03.001386" elapsed="0.072776"/>
</kw>
<kw name="Input postal code" owner="checkout_your_information_page">
<kw name="Input text to element when ready" owner="common_web">
<kw name="Wait Until Element Is Visible" owner="SeleniumLibrary">
<arg>locator=${locator}</arg>
<doc>Waits until the element ``locator`` is visible.</doc>
<status status="PASS" start="2026-04-29T16:27:03.076777" elapsed="0.012016"/>
</kw>
<kw name="Input Text" owner="SeleniumLibrary">
<msg time="2026-04-29T16:27:03.088793" level="INFO">Typing text '12345' into text field 'id=postal-code'.</msg>
<arg>${locator}</arg>
<arg>${text}</arg>
<doc>Types the given ``text`` into the text field identified by ``locator``.</doc>
<status status="PASS" start="2026-04-29T16:27:03.088793" elapsed="0.045905"/>
</kw>
<arg>locator=${checkout_your_information_locator['txt_postal_code']}</arg>
<arg>text=${postalcode}</arg>
<doc>รอจนกว่า element จะพร้อมใช้งาน
จากนั้นเพิ่มข้อความลงตาม locator ที่กำหนด</doc>
<status status="PASS" start="2026-04-29T16:27:03.076272" elapsed="0.058426"/>
</kw>
<arg>postalcode=${shipping_address['postal_code']}</arg>
<doc>สำหรับกรอกรหัสไปรษณีย์ลงในช่อง postal code</doc>
<status status="PASS" start="2026-04-29T16:27:03.075163" elapsed="0.059535"/>
</kw>
<kw name="Click continue button in checkout page" owner="checkout_your_information_page">
<kw name="Wait and click element when ready" owner="common_web">
<kw name="Wait Until Element Is Enabled" owner="SeleniumLibrary">
<arg>locator=${locator}</arg>
<doc>Waits until the element ``locator`` is enabled.</doc>
<status status="PASS" start="2026-04-29T16:27:03.137538" elapsed="0.014865"/>
</kw>
<kw name="Click Element" owner="SeleniumLibrary">
<msg time="2026-04-29T16:27:03.152403" level="INFO">Clicking element 'id=continue'.</msg>
<arg>locator=${locator}</arg>
<doc>Click the element identified by ``locator``.</doc>
<status status="PASS" start="2026-04-29T16:27:03.152403" elapsed="0.086085"/>
</kw>
<arg>locator=${checkout_your_information_locator['btn_continue']}</arg>
<doc>กดปุ่มที่กำหนดเมื่อปุ่มพร้อมใช้งาน</doc>
<status status="PASS" start="2026-04-29T16:27:03.136443" elapsed="0.102045"/>
</kw>
<doc>กดปุ่ม Continue ในหน้า Checkout: Your Information</doc>
<status status="PASS" start="2026-04-29T16:27:03.136443" elapsed="0.104176"/>
</kw>
<kw name="Click finish button" owner="checkout_overview_page">
<kw name="Wait and click element when ready" owner="common_web">
<kw name="Wait Until Element Is Enabled" owner="SeleniumLibrary">
<arg>locator=${locator}</arg>
<doc>Waits until the element ``locator`` is enabled.</doc>
<status status="PASS" start="2026-04-29T16:27:03.242403" elapsed="0.016294"/>
</kw>
<kw name="Click Element" owner="SeleniumLibrary">
<msg time="2026-04-29T16:27:03.259698" level="INFO">Clicking element 'id=finish'.</msg>
<arg>locator=${locator}</arg>
<doc>Click the element identified by ``locator``.</doc>
<status status="PASS" start="2026-04-29T16:27:03.258697" elapsed="0.040322"/>
</kw>
<arg>locator=${checkout_overview_locator['btn_finish']}</arg>
<doc>กดปุ่มที่กำหนดเมื่อปุ่มพร้อมใช้งาน</doc>
<status status="PASS" start="2026-04-29T16:27:03.241376" elapsed="0.057643"/>
</kw>
<doc>กดปุ่ม Finish ยันยืนการซื้อสินค้า</doc>
<status status="PASS" start="2026-04-29T16:27:03.240958" elapsed="0.058061"/>
</kw>
<kw name="Verify that product is purchased completely" owner="checkout_overview_page">
<kw name="Wait Until Page Contains Element" owner="SeleniumLibrary">
<arg>${checkout_overview_locator['lbl_purchase_complete']}</arg>
<doc>Waits until the element ``locator`` appears on the current page.</doc>
<status status="PASS" start="2026-04-29T16:27:03.299019" elapsed="0.011234"/>
</kw>
<doc>ตรวจสอบว่าการสั่งซื้อสินค้าเสร็จสมบูรณ์</doc>
<status status="PASS" start="2026-04-29T16:27:03.299019" elapsed="0.011234"/>
</kw>
<kw name="Close Browser" owner="SeleniumLibrary" type="TEARDOWN">
<doc>Closes the current browser.</doc>
<status status="PASS" start="2026-04-29T16:27:03.310253" elapsed="2.101562"/>
</kw>
<doc>1. เข้าเว็บไซต์ saucedemo
2. กรอก username
3. กรอก password
4. กดปุ่ม Login
5. กดปุ่ม Add to cart ที่สินค้าที่ 1
6. กดปุ่มตระกร้าสินค้า
7. กดปุ่ม Checkout
8. กรอก First name
9. กรอก Last name
10. กรอก Zip/Postal code
11. กดปุ่ม Continue
12. กดปุ่ม Fisnish</doc>
<tag>function_id:WEB_SDT_01</tag>
<tag>function_name:ทดสอบซื้อสินค้าให้สำเร็จ</tag>
<tag>test_id:SDT01_TS001_TC001</tag>
<tag>test_scenario:TS_001</tag>
<status status="PASS" start="2026-04-29T16:26:57.775729" elapsed="7.636086"/>
</test>
<status status="PASS" start="2026-04-29T16:26:57.612997" elapsed="7.798818"/>
</suite>
<status status="PASS" start="2026-04-29T16:26:57.611758" elapsed="7.802977"/>
</suite>
<status status="PASS" start="2026-04-29T16:26:57.580855" elapsed="7.833880"/>
</suite>
<statistics>
<total>
<stat pass="1" fail="0" skip="0">All Tests</stat>
</total>
<tag>
<stat pass="1" fail="0" skip="0">function_id:WEB_SDT_01</stat>
<stat pass="1" fail="0" skip="0">function_name:ทดสอบซื้อสินค้าให้สำเร็จ</stat>
<stat pass="1" fail="0" skip="0">test_id:SDT01_TS001_TC001</stat>
<stat pass="1" fail="0" skip="0">test_scenario:TS_001</stat>
</tag>
<suite>
<stat name="Assignment 02" id="s1" pass="1" fail="0" skip="0">Assignment 02</stat>
<stat name="Testcases" id="s1-s1" pass="1" fail="0" skip="0">Assignment 02.Testcases</stat>
<stat name="SDT01 TS001 TC001" id="s1-s1-s1" pass="1" fail="0" skip="0">Assignment 02.Testcases.SDT01 TS001 TC001</stat>
</suite>
</statistics>
<errors>
</errors>
</robot>
